<?xml version="1.0" encoding="UTF-8"?>
<!-- Generated by org.testng.reporters.JUnitXMLReporter -->
<testsuite hostname="浪里个浪" ignored="1" name="examplel" tests="7" failures="1" timestamp="02 八月 2022 02:24:18 GMT" time="3.166" errors="0">
  <testcase name="wo404" time="0.651" classname="com.hxk.tesngDemo.CourseRecord404">
    <failure type="java.lang.AssertionError" message="服务器返回的状态码不是200 expected [200] but found [404]">
      <![CDATA[java.lang.AssertionError: 服务器返回的状态码不是200 expected [200] but found [404]
at com.hxk.tesngDemo.CourseRecord404.wo404(CourseRecord404.java:61)
at com.intellij.rt.testng.IDEARemoteTestNG.run(IDEARemoteTestNG.java:66)
at com.intellij.rt.testng.RemoteTestNGStarter.main(RemoteTestNGStarter.java:110)
... Removed 27 stack frames]]>
    </failure>
  </testcase> <!-- wo404 -->
  <testcase name="index" time="0.224" classname="com.hxk.tesngDemo.course.VideoList"/>
  <testcase name="test1" time="0.016" classname="com.hxk.tesngDemo.TestDemo"/>
  <testcase name="nchannel_list" time="0.284" classname="com.hxk.tesngDemo.sale.Nchannel_list"/>
  <testcase name="doneUpload" time="0.774" classname="com.hxk.tesngDemo.course.DoneUpload"/>
  <testcase name="index" time="0.23" classname="com.hxk.tesngDemo.Index"/>
  <testcase name="videoDel" time="0.784" classname="com.hxk.tesngDemo.course.VideoDel"/>
  <testcase name="test2" time="0.0" classname="com.hxk.tesngDemo.TestDemo2">
    <ignored/>
  </testcase> <!-- test2 -->
</testsuite> <!-- examplel -->
