<?xml version="1.0" encoding="UTF-8"?>
<testng-results skipped="0" failed="0" ignored="1" total="4" passed="3">
  <reporter-output>
  </reporter-output>
  <suite name="test-parameter" duration-ms="4160" started-at="2022-08-01T06:22:14Z" finished-at="2022-08-01T06:22:18Z">
    <groups>
    </groups>
    <test name="examplel" duration-ms="4160" started-at="2022-08-01T06:22:14Z" finished-at="2022-08-01T06:22:18Z">
      <class name="com.hxk.tesngDemo.TestDemo">
        <test-method status="PASS" signature="test1()[pri:0, instance:com.hxk.tesngDemo.TestDemo@525f1e4e]" name="test1" duration-ms="3" started-at="2022-08-01T06:22:18Z" finished-at="2022-08-01T06:22:18Z">
          <reporter-output>
          </reporter-output>
        </test-method> <!-- test1 -->
      </class> <!-- com.hxk.tesngDemo.TestDemo -->
      <class name="com.hxk.tesngDemo.courseRecord404">
        <test-method status="PASS" signature="wo404()[pri:0, instance:com.hxk.tesngDemo.courseRecord404@400cff1a]" name="wo404" duration-ms="3755" started-at="2022-08-01T06:22:14Z" finished-at="2022-08-01T06:22:18Z">
          <reporter-output>
          </reporter-output>
        </test-method> <!-- wo404 -->
      </class> <!-- com.hxk.tesngDemo.courseRecord404 -->
      <class name="com.hxk.tesngDemo.index">
        <test-method status="PASS" signature="index()[pri:0, instance:com.hxk.tesngDemo.index@275710fc]" name="index" duration-ms="225" started-at="2022-08-01T06:22:18Z" finished-at="2022-08-01T06:22:18Z">
          <reporter-output>
          </reporter-output>
        </test-method> <!-- index -->
      </class> <!-- com.hxk.tesngDemo.index -->
    </test> <!-- examplel -->
  </suite> <!-- test-parameter -->
</testng-results>
