<?xml version="1.0" encoding="UTF-8"?>
<testng-results skipped="0" failed="1" ignored="2" total="8" passed="5">
  <reporter-output>
  </reporter-output>
  <suite name="test-parameter" duration-ms="3355" started-at="2022-08-03T01:35:47Z" finished-at="2022-08-03T01:35:51Z">
    <groups>
    </groups>
    <test name="examplel" duration-ms="3355" started-at="2022-08-03T01:35:47Z" finished-at="2022-08-03T01:35:51Z">
      <class name="com.hxk.online.sale.Nchannel_list">
        <test-method status="PASS" signature="nchannel_list()[pri:0, instance:com.hxk.online.sale.Nchannel_list@5d47c63f]" name="nchannel_list" duration-ms="417" started-at="2022-08-03T01:35:49Z" finished-at="2022-08-03T01:35:49Z">
          <reporter-output>
          </reporter-output>
        </test-method> <!-- nchannel_list -->
      </class> <!-- com.hxk.online.sale.Nchannel_list -->
      <class name="com.hxk.online.CourseRecord404">
        <test-method status="FAIL" signature="wo404()[pri:0, instance:com.hxk.online.CourseRecord404@4de5031f]" name="wo404" duration-ms="853" started-at="2022-08-03T01:35:47Z" finished-at="2022-08-03T01:35:48Z">
          <exception class="java.lang.AssertionError">
            <message>
              <![CDATA[服务器返回的状态码不是200 expected [200] but found [404]]]>
            </message>
            <full-stacktrace>
              <![CDATA[java.lang.AssertionError: 服务器返回的状态码不是200 expected [200] but found [404]
at org.testng.Assert.fail(Assert.java:96)
at org.testng.Assert.failNotEquals(Assert.java:776)
at org.testng.Assert.assertEqualsImpl(Assert.java:137)
at org.testng.Assert.assertEquals(Assert.java:118)
at org.testng.Assert.assertEquals(Assert.java:652)
at com.hxk.online.CourseRecord404.wo404(CourseRecord404.java:61)
at sun.reflect.NativeMethodAccessorImpl.invoke0(Native Method)
at sun.reflect.NativeMethodAccessorImpl.invoke(NativeMethodAccessorImpl.java:62)
at sun.reflect.DelegatingMethodAccessorImpl.invoke(DelegatingMethodAccessorImpl.java:43)
at java.lang.reflect.Method.invoke(Method.java:498)
at org.testng.internal.MethodInvocationHelper.invokeMethod(MethodInvocationHelper.java:124)
at org.testng.internal.Invoker.invokeMethod(Invoker.java:583)
at org.testng.internal.Invoker.invokeTestMethod(Invoker.java:719)
at org.testng.internal.Invoker.invokeTestMethods(Invoker.java:989)
at org.testng.internal.TestMethodWorker.invokeTestMethods(TestMethodWorker.java:125)
at org.testng.internal.TestMethodWorker.run(TestMethodWorker.java:109)
at org.testng.TestRunner.privateRun(TestRunner.java:648)
at org.testng.TestRunner.run(TestRunner.java:505)
at org.testng.SuiteRunner.runTest(SuiteRunner.java:455)
at org.testng.SuiteRunner.runSequentially(SuiteRunner.java:450)
at org.testng.SuiteRunner.privateRun(SuiteRunner.java:415)
at org.testng.SuiteRunner.run(SuiteRunner.java:364)
at org.testng.SuiteRunnerWorker.runSuite(SuiteRunnerWorker.java:52)
at org.testng.SuiteRunnerWorker.run(SuiteRunnerWorker.java:84)
at org.testng.TestNG.runSuitesSequentially(TestNG.java:1208)
at org.testng.TestNG.runSuitesLocally(TestNG.java:1137)
at org.testng.TestNG.runSuites(TestNG.java:1049)
at org.testng.TestNG.run(TestNG.java:1017)
at com.intellij.rt.testng.IDEARemoteTestNG.run(IDEARemoteTestNG.java:66)
at com.intellij.rt.testng.RemoteTestNGStarter.main(RemoteTestNGStarter.java:110)
]]>
            </full-stacktrace>
          </exception> <!-- java.lang.AssertionError -->
          <reporter-output>
          </reporter-output>
        </test-method> <!-- wo404 -->
      </class> <!-- com.hxk.online.CourseRecord404 -->
      <class name="com.hxk.online.course.VideoList">
        <test-method status="PASS" signature="index()[pri:0, instance:com.hxk.online.course.VideoList@4ae3c1cd]" name="index" duration-ms="238" started-at="2022-08-03T01:35:48Z" finished-at="2022-08-03T01:35:49Z">
          <reporter-output>
          </reporter-output>
        </test-method> <!-- index -->
      </class> <!-- com.hxk.online.course.VideoList -->
      <class name="com.hxk.online.course.VideoDel">
        <test-method status="PASS" signature="videoDel()[pri:0, instance:com.hxk.online.course.VideoDel@3bbc39f8]" name="videoDel" duration-ms="632" started-at="2022-08-03T01:35:50Z" finished-at="2022-08-03T01:35:51Z">
          <reporter-output>
          </reporter-output>
        </test-method> <!-- videoDel -->
      </class> <!-- com.hxk.online.course.VideoDel -->
      <class name="com.hxk.online.course.DoneUpload">
        <test-method status="PASS" signature="doneUpload()[pri:0, instance:com.hxk.online.course.DoneUpload@5ea434c8]" name="doneUpload" duration-ms="783" started-at="2022-08-03T01:35:49Z" finished-at="2022-08-03T01:35:50Z">
          <reporter-output>
          </reporter-output>
        </test-method> <!-- doneUpload -->
      </class> <!-- com.hxk.online.course.DoneUpload -->
      <class name="com.hxk.online.Index">
        <test-method status="PASS" signature="index()[pri:0, instance:com.hxk.online.Index@67e2d983]" name="index" duration-ms="211" started-at="2022-08-03T01:35:50Z" finished-at="2022-08-03T01:35:50Z">
          <reporter-output>
          </reporter-output>
        </test-method> <!-- index -->
      </class> <!-- com.hxk.online.Index -->
    </test> <!-- examplel -->
  </suite> <!-- test-parameter -->
</testng-results>
